# JRE version: OpenJDK Runtime Environment Microsoft-13106358 (17.0.18+8) (build 17.0.18+8-LTS)
# Java VM: OpenJDK 64-Bit Server VM Microsoft-13106358 (17.0.18+8-LTS, mixed mode, sharing, tiered, compressed oops, compressed class ptrs, g1 gc, windows-amd64)
GC Precious Log:
 CPUs: 12 total, 12 available
 Memory: 16303M
 Large Page Support: Disabled
 NUMA Support: Disabled
 Compressed Oops: Enabled (Zero based)
 Heap Region Size: 2M
 Heap Min Capacity: 8M
 Heap Initial Capacity: 256M
 Heap Max Capacity: 3G
 Pre-touch: Disabled
 Parallel Workers: 10
 Concurrent Workers: 3
 Concurrent Refinement Workers: 10
 Periodic GC: Disabled
Heap:
 garbage-first heap   total 331776K, used 124704K [0x0000000740000000, 0x0000000800000000)
  region size 2048K, 36 young (73728K), 2 survivors (4096K)
 Metaspace       used 48470K, committed 49024K, reserved 491520K
  class space    used 6650K, committed 6912K, reserved 425984K
GC Heap History (20 events):
Event: 10.151 GC heap before
{Heap before GC invocations=24 (full 0):
 garbage-first heap   total 190464K, used 162443K [0x0000000740000000, 0x0000000800000000)
  region size 2048K, 55 young (112640K), 3 survivors (6144K)
 Metaspace       used 47319K, committed 47808K, reserved 491520K
  class space    used 6475K, committed 6720K, reserved 425984K
}
Event: 10.155 GC heap after
{Heap after GC invocations=25 (full 0):
 garbage-first heap   total 229376K, used 56469K [0x0000000740000000, 0x0000000800000000)
  region size 2048K, 4 young (8192K), 4 survivors (8192K)
 Metaspace       used 47319K, committed 47808K, reserved 491520K
  class space    used 6475K, committed 6720K, reserved 425984K
}
Event: 10.402 GC heap before
{Heap before GC invocations=25 (full 0):
 garbage-first heap   total 229376K, used 185493K [0x0000000740000000, 0x0000000800000000)
  region size 2048K, 67 young (137216K), 4 survivors (8192K)
 Metaspace       used 47346K, committed 47872K, reserved 491520K
  class space    used 6481K, committed 6720K, reserved 425984K
}
Event: 10.406 GC heap after
{Heap after GC invocations=26 (full 0):
 garbage-first heap   total 229376K, used 57291K [0x0000000740000000, 0x0000000800000000)
  region size 2048K, 4 young (8192K), 4 survivors (8192K)
 Metaspace       used 47346K, committed 47872K, reserved 491520K
  class space    used 6481K, committed 6720K, reserved 425984K
}
Event: 10.618 GC heap before
{Heap before GC invocations=26 (full 0):
 garbage-first heap   total 229376K, used 186315K [0x0000000740000000, 0x0000000800000000)
  region size 2048K, 67 young (137216K), 4 survivors (8192K)
 Metaspace       used 47355K, committed 47936K, reserved 491520K
  class space    used 6482K, committed 6720K, reserved 425984K
}
Event: 10.622 GC heap after
{Heap after GC invocations=27 (full 0):
 garbage-first heap   total 229376K, used 58208K [0x0000000740000000, 0x0000000800000000)
  region size 2048K, 4 young (8192K), 4 survivors (8192K)
 Metaspace       used 47355K, committed 47936K, reserved 491520K
  class space    used 6482K, committed 6720K, reserved 425984K
}
Event: 10.860 GC heap before
{Heap before GC invocations=27 (full 0):
 garbage-first heap   total 229376K, used 187232K [0x0000000740000000, 0x0000000800000000)
  region size 2048K, 67 young (137216K), 4 survivors (8192K)
 Metaspace       used 47357K, committed 47936K, reserved 491520K
  class space    used 6482K, committed 6720K, reserved 425984K
}
Event: 10.866 GC heap after
{Heap after GC invocations=28 (full 0):
 garbage-first heap   total 229376K, used 59332K [0x0000000740000000, 0x0000000800000000)
  region size 2048K, 5 young (10240K), 5 survivors (10240K)
 Metaspace       used 47357K, committed 47936K, reserved 491520K
  class space    used 6482K, committed 6720K, reserved 425984K
}
Event: 11.083 GC heap before
{Heap before GC invocations=28 (full 0):
 garbage-first heap   total 229376K, used 186308K [0x0000000740000000, 0x0000000800000000)
  region size 2048K, 67 young (137216K), 5 survivors (10240K)
 Metaspace       used 47358K, committed 47936K, reserved 491520K
  class space    used 6482K, committed 6720K, reserved 425984K
}
Event: 11.088 GC heap after
{Heap after GC invocations=29 (full 0):
 garbage-first heap   total 276480K, used 59914K [0x0000000740000000, 0x0000000800000000)
  region size 2048K, 5 young (10240K), 5 survivors (10240K)
 Metaspace       used 47358K, committed 47936K, reserved 491520K
  class space    used 6482K, committed 6720K, reserved 425984K
}
Event: 11.364 GC heap before
{Heap before GC invocations=29 (full 0):
 garbage-first heap   total 276480K, used 215562K [0x0000000740000000, 0x0000000800000000)
  region size 2048K, 81 young (165888K), 5 survivors (10240K)
 Metaspace       used 47369K, committed 47936K, reserved 491520K
  class space    used 6482K, committed 6720K, reserved 425984K
}
Event: 11.369 GC heap after
{Heap after GC invocations=30 (full 0):
 garbage-first heap   total 276480K, used 61384K [0x0000000740000000, 0x0000000800000000)
  region size 2048K, 6 young (12288K), 6 survivors (12288K)
 Metaspace       used 47369K, committed 47936K, reserved 491520K
  class space    used 6482K, committed 6720K, reserved 425984K
}
Event: 11.615 GC heap before
{Heap before GC invocations=30 (full 0):
 garbage-first heap   total 276480K, used 214984K [0x0000000740000000, 0x0000000800000000)
  region size 2048K, 81 young (165888K), 6 survivors (12288K)
 Metaspace       used 47370K, committed 47936K, reserved 491520K
  class space    used 6482K, committed 6720K, reserved 425984K
}
Event: 11.621 GC heap after
{Heap after GC invocations=31 (full 0):
 garbage-first heap   total 276480K, used 62286K [0x0000000740000000, 0x0000000800000000)
  region size 2048K, 6 young (12288K), 6 survivors (12288K)
 Metaspace       used 47370K, committed 47936K, reserved 491520K
  class space    used 6482K, committed 6720K, reserved 425984K
}
Event: 11.823 GC heap before
{Heap before GC invocations=31 (full 0):
 garbage-first heap   total 276480K, used 215886K [0x0000000740000000, 0x0000000800000000)
  region size 2048K, 81 young (165888K), 6 survivors (12288K)
 Metaspace       used 47371K, committed 47936K, reserved 491520K
  class space    used 6482K, committed 6720K, reserved 425984K
}
Event: 11.828 GC heap after
{Heap after GC invocations=32 (full 0):
 garbage-first heap   total 276480K, used 62620K [0x0000000740000000, 0x0000000800000000)
  region size 2048K, 7 young (14336K), 7 survivors (14336K)
 Metaspace       used 47371K, committed 47936K, reserved 491520K
  class space    used 6482K, committed 6720K, reserved 425984K
}
Event: 12.048 GC heap before
{Heap before GC invocations=32 (full 0):
 garbage-first heap   total 276480K, used 214172K [0x0000000740000000, 0x0000000800000000)
  region size 2048K, 81 young (165888K), 7 survivors (14336K)
 Metaspace       used 47383K, committed 47936K, reserved 491520K
  class space    used 6482K, committed 6720K, reserved 425984K
}
Event: 12.054 GC heap after
{Heap after GC invocations=33 (full 0):
 garbage-first heap   total 331776K, used 63606K [0x0000000740000000, 0x0000000800000000)
  region size 2048K, 6 young (12288K), 6 survivors (12288K)
 Metaspace       used 47383K, committed 47936K, reserved 491520K
  class space    used 6482K, committed 6720K, reserved 425984K
}
Event: 32.494 GC heap before
{Heap before GC invocations=33 (full 0):
 garbage-first heap   total 331776K, used 256118K [0x0000000740000000, 0x0000000800000000)
  region size 2048K, 97 young (198656K), 6 survivors (12288K)
 Metaspace       used 48463K, committed 49024K, reserved 491520K
  class space    used 6649K, committed 6912K, reserved 425984K
}
Event: 32.496 GC heap after
{Heap after GC invocations=34 (full 0):
 garbage-first heap   total 331776K, used 57120K [0x0000000740000000, 0x0000000800000000)
  region size 2048K, 2 young (4096K), 2 survivors (4096K)
 Metaspace       used 48463K, committed 49024K, reserved 491520K
  class space    used 6649K, committed 6912K, reserved 425984K
}

